<?xml version="1.0" encoding="UTF-8"?>
<testng-results ignored="0" total="53" passed="50" failed="3" skipped="0">
  <reporter-output>
  </reporter-output>
  <suite started-at="2025-02-12T10:25:50 EST" name="Default suite" finished-at="2025-02-12T10:26:07 EST" duration-ms="16527">
    <groups>
      <group name="cucumber">
        <method signature="AbstractTestNGCucumberTests.runScenario(io.cucumber.testng.PickleWrapper,io.cucumber.testng.FeatureWrapper)[pri:0, instance:runner.testRunnerTest@7502291e]" name="runScenario" class="io.cucumber.testng.AbstractTestNGCucumberTests"/>
      </group> <!-- cucumber -->
    </groups>
    <test started-at="2025-02-12T10:25:50 EST" name="Default test" finished-at="2025-02-12T10:26:07 EST" duration-ms="16527">
      <class name="runner.testRunnerTest">
        <test-method is-config="true" signature="setUpClass(org.testng.ITestContext)[pri:0, instance:runner.testRunnerTest@7502291e]" started-at="2025-02-12T10:25:50 EST" name="setUpClass" finished-at="2025-02-12T10:25:51 EST" duration-ms="356" status="PASS">
          <params>
            <param index="0">
              <value>
                <![CDATA[org.testng.TestRunner@69780093]]>
              </value>
            </param>
          </params>
          <reporter-output>
          </reporter-output>
        </test-method> <!-- setUpClass -->
        <test-method signature="runScenario(io.cucumber.testng.PickleWrapper,io.cucumber.testng.FeatureWrapper)[pri:0, instance:runner.testRunnerTest@7502291e]" started-at="2025-02-12T10:25:51 EST" name="runScenario" description="Runs Cucumber Scenarios" data-provider="scenarios" finished-at="2025-02-12T10:25:55 EST" duration-ms="3890" status="PASS">
          <params>
            <param index="0">
              <value>
                <![CDATA["Check if Admin is able to Get All User List with valid credentials"]]>
              </value>
            </param>
            <param index="1">
              <value>
                <![CDATA["GetAllUsers"]]>
              </value>
            </param>
          </params>
          <reporter-output>
          </reporter-output>
        </test-method> <!-- runScenario -->
        <test-method signature="runScenario(io.cucumber.testng.PickleWrapper,io.cucumber.testng.FeatureWrapper)[pri:0, instance:runner.testRunnerTest@7502291e]" started-at="2025-02-12T10:25:55 EST" name="runScenario" description="Runs Cucumber Scenarios" data-provider="scenarios" finished-at="2025-02-12T10:25:55 EST" duration-ms="376" status="PASS">
          <params>
            <param index="0">
              <value>
                <![CDATA["Check if Admin is able to Get All User List without endpoint"]]>
              </value>
            </param>
            <param index="1">
              <value>
                <![CDATA["GetAllUsers"]]>
              </value>
            </param>
          </params>
          <reporter-output>
          </reporter-output>
        </test-method> <!-- runScenario -->
        <test-method signature="runScenario(io.cucumber.testng.PickleWrapper,io.cucumber.testng.FeatureWrapper)[pri:0, instance:runner.testRunnerTest@7502291e]" started-at="2025-02-12T10:25:55 EST" name="runScenario" description="Runs Cucumber Scenarios" data-provider="scenarios" finished-at="2025-02-12T10:25:55 EST" duration-ms="373" status="PASS">
          <params>
            <param index="0">
              <value>
                <![CDATA["Check if Admin is unable to Get All User List with invalid endpoint"]]>
              </value>
            </param>
            <param index="1">
              <value>
                <![CDATA["GetAllUsers"]]>
              </value>
            </param>
          </params>
          <reporter-output>
          </reporter-output>
        </test-method> <!-- runScenario -->
        <test-method signature="runScenario(io.cucumber.testng.PickleWrapper,io.cucumber.testng.FeatureWrapper)[pri:0, instance:runner.testRunnerTest@7502291e]" started-at="2025-02-12T10:25:55 EST" name="runScenario" description="Runs Cucumber Scenarios" data-provider="scenarios" finished-at="2025-02-12T10:25:55 EST" duration-ms="172" status="PASS">
          <params>
            <param index="0">
              <value>
                <![CDATA["Check if Admin is able to Get  all user with No Auth"]]>
              </value>
            </param>
            <param index="1">
              <value>
                <![CDATA["GetAllUsers"]]>
              </value>
            </param>
          </params>
          <reporter-output>
          </reporter-output>
        </test-method> <!-- runScenario -->
        <test-method signature="runScenario(io.cucumber.testng.PickleWrapper,io.cucumber.testng.FeatureWrapper)[pri:0, instance:runner.testRunnerTest@7502291e]" started-at="2025-02-12T10:25:55 EST" name="runScenario" description="Runs Cucumber Scenarios" data-provider="scenarios" finished-at="2025-02-12T10:25:56 EST" duration-ms="198" status="PASS">
          <params>
            <param index="0">
              <value>
                <![CDATA["Check if Admin is able to Get  all user with Invalid Basic Auth"]]>
              </value>
            </param>
            <param index="1">
              <value>
                <![CDATA["GetAllUsers"]]>
              </value>
            </param>
          </params>
          <reporter-output>
          </reporter-output>
        </test-method> <!-- runScenario -->
        <test-method signature="runScenario(io.cucumber.testng.PickleWrapper,io.cucumber.testng.FeatureWrapper)[pri:0, instance:runner.testRunnerTest@7502291e]" started-at="2025-02-12T10:25:56 EST" name="runScenario" description="Runs Cucumber Scenarios" data-provider="scenarios" finished-at="2025-02-12T10:25:56 EST" duration-ms="332" status="PASS">
          <params>
            <param index="0">
              <value>
                <![CDATA["Check if Admin is able to create a user with all valid credentials"]]>
              </value>
            </param>
            <param index="1">
              <value>
                <![CDATA["Create User API"]]>
              </value>
            </param>
          </params>
          <reporter-output>
          </reporter-output>
        </test-method> <!-- runScenario -->
        <test-method signature="runScenario(io.cucumber.testng.PickleWrapper,io.cucumber.testng.FeatureWrapper)[pri:0, instance:runner.testRunnerTest@7502291e]" started-at="2025-02-12T10:25:56 EST" name="runScenario" description="Runs Cucumber Scenarios" data-provider="scenarios" finished-at="2025-02-12T10:25:56 EST" duration-ms="340" status="FAIL">
          <params>
            <param index="0">
              <value>
                <![CDATA["Check if Admin is able to create a user with only mandatory fields"]]>
              </value>
            </param>
            <param index="1">
              <value>
                <![CDATA["Create User API"]]>
              </value>
            </param>
          </params>
          <exception class="java.lang.AssertionError">
            <message>
              <![CDATA[The following asserts failed:
Status Code Validation Failed! expected [201] but found [500]]]>
            </message>
            <full-stacktrace>
              <![CDATA[java.lang.AssertionError: The following asserts failed:
Status Code Validation Failed! expected [201] but found [500]
at org.testng.asserts.SoftAssert.assertAll(SoftAssert.java:46)
at org.testng.asserts.SoftAssert.assertAll(SoftAssert.java:30)
at utils.apiHelper.validateStatusCode(apiHelper.java:263)
at stepDefinitions.createUserStepDefinition.admin_receives_status_for_create_user_mandatory(createUserStepDefinition.java:53)
at ✽.Admin receives "201" "Created" Status for create user mandatory(file:///Users/mathumathibalakrishnan/eclipse/Mathumathi_2024/2025_Team04_RestAssured_BDD/src/test/resources/features/02_createUser.feature:14)
]]>
            </full-stacktrace>
          </exception> <!-- java.lang.AssertionError -->
          <reporter-output>
          </reporter-output>
        </test-method> <!-- runScenario -->
        <test-method signature="runScenario(io.cucumber.testng.PickleWrapper,io.cucumber.testng.FeatureWrapper)[pri:0, instance:runner.testRunnerTest@7502291e]" started-at="2025-02-12T10:25:56 EST" name="runScenario" description="Runs Cucumber Scenarios" data-provider="scenarios" finished-at="2025-02-12T10:25:57 EST" duration-ms="224" status="PASS">
          <params>
            <param index="0">
              <value>
                <![CDATA["Check if Admin is able to create a user with invalid endpoint"]]>
              </value>
            </param>
            <param index="1">
              <value>
                <![CDATA["Create User API"]]>
              </value>
            </param>
          </params>
          <reporter-output>
          </reporter-output>
        </test-method> <!-- runScenario -->
        <test-method signature="runScenario(io.cucumber.testng.PickleWrapper,io.cucumber.testng.FeatureWrapper)[pri:0, instance:runner.testRunnerTest@7502291e]" started-at="2025-02-12T10:25:57 EST" name="runScenario" description="Runs Cucumber Scenarios" data-provider="scenarios" finished-at="2025-02-12T10:25:57 EST" duration-ms="222" status="PASS">
          <params>
            <param index="0">
              <value>
                <![CDATA["Check if Admin is able to create a user with invalid content Type"]]>
              </value>
            </param>
            <param index="1">
              <value>
                <![CDATA["Create User API"]]>
              </value>
            </param>
          </params>
          <reporter-output>
          </reporter-output>
        </test-method> <!-- runScenario -->
        <test-method signature="runScenario(io.cucumber.testng.PickleWrapper,io.cucumber.testng.FeatureWrapper)[pri:0, instance:runner.testRunnerTest@7502291e]" started-at="2025-02-12T10:25:57 EST" name="runScenario" description="Runs Cucumber Scenarios" data-provider="scenarios" finished-at="2025-02-12T10:25:57 EST" duration-ms="256" status="PASS">
          <params>
            <param index="0">
              <value>
                <![CDATA["Check if Admin is able to create a user with invalid request type"]]>
              </value>
            </param>
            <param index="1">
              <value>
                <![CDATA["Create User API"]]>
              </value>
            </param>
          </params>
          <reporter-output>
          </reporter-output>
        </test-method> <!-- runScenario -->
        <test-method signature="runScenario(io.cucumber.testng.PickleWrapper,io.cucumber.testng.FeatureWrapper)[pri:0, instance:runner.testRunnerTest@7502291e]" started-at="2025-02-12T10:25:57 EST" name="runScenario" description="Runs Cucumber Scenarios" data-provider="scenarios" finished-at="2025-02-12T10:25:57 EST" duration-ms="321" status="PASS">
          <params>
            <param index="0">
              <value>
                <![CDATA["Check if Admin is able to create a user with same contact number"]]>
              </value>
            </param>
            <param index="1">
              <value>
                <![CDATA["Create User API"]]>
              </value>
            </param>
          </params>
          <reporter-output>
          </reporter-output>
        </test-method> <!-- runScenario -->
        <test-method signature="runScenario(io.cucumber.testng.PickleWrapper,io.cucumber.testng.FeatureWrapper)[pri:0, instance:runner.testRunnerTest@7502291e]" started-at="2025-02-12T10:25:57 EST" name="runScenario" description="Runs Cucumber Scenarios" data-provider="scenarios" finished-at="2025-02-12T10:25:58 EST" duration-ms="209" status="PASS">
          <params>
            <param index="0">
              <value>
                <![CDATA["Check if Admin is able to create a user with same email"]]>
              </value>
            </param>
            <param index="1">
              <value>
                <![CDATA["Create User API"]]>
              </value>
            </param>
          </params>
          <reporter-output>
          </reporter-output>
        </test-method> <!-- runScenario -->
        <test-method signature="runScenario(io.cucumber.testng.PickleWrapper,io.cucumber.testng.FeatureWrapper)[pri:0, instance:runner.testRunnerTest@7502291e]" started-at="2025-02-12T10:25:58 EST" name="runScenario" description="Runs Cucumber Scenarios" data-provider="scenarios" finished-at="2025-02-12T10:25:58 EST" duration-ms="101" status="PASS">
          <params>
            <param index="0">
              <value>
                <![CDATA["Check if Admin is able to create a user with No Auth"]]>
              </value>
            </param>
            <param index="1">
              <value>
                <![CDATA["Create User API"]]>
              </value>
            </param>
          </params>
          <reporter-output>
          </reporter-output>
        </test-method> <!-- runScenario -->
        <test-method signature="runScenario(io.cucumber.testng.PickleWrapper,io.cucumber.testng.FeatureWrapper)[pri:0, instance:runner.testRunnerTest@7502291e]" started-at="2025-02-12T10:25:58 EST" name="runScenario" description="Runs Cucumber Scenarios" data-provider="scenarios" finished-at="2025-02-12T10:25:58 EST" duration-ms="102" status="PASS">
          <params>
            <param index="0">
              <value>
                <![CDATA["Check if Admin is able to create a user with invalid basic auth"]]>
              </value>
            </param>
            <param index="1">
              <value>
                <![CDATA["Create User API"]]>
              </value>
            </param>
          </params>
          <reporter-output>
          </reporter-output>
        </test-method> <!-- runScenario -->
        <test-method signature="runScenario(io.cucumber.testng.PickleWrapper,io.cucumber.testng.FeatureWrapper)[pri:0, instance:runner.testRunnerTest@7502291e]" started-at="2025-02-12T10:25:58 EST" name="runScenario" description="Runs Cucumber Scenarios" data-provider="scenarios" finished-at="2025-02-12T10:25:58 EST" duration-ms="197" status="FAIL">
          <params>
            <param index="0">
              <value>
                <![CDATA["Check if Admin is able to create a user with first name as numeric"]]>
              </value>
            </param>
            <param index="1">
              <value>
                <![CDATA["Create User API"]]>
              </value>
            </param>
          </params>
          <exception class="java.lang.AssertionError">
            <message>
              <![CDATA[The following asserts failed:
Status Code Validation Failed! expected [400] but found [409]]]>
            </message>
            <full-stacktrace>
              <![CDATA[java.lang.AssertionError: The following asserts failed:
Status Code Validation Failed! expected [400] but found [409]
at org.testng.asserts.SoftAssert.assertAll(SoftAssert.java:46)
at org.testng.asserts.SoftAssert.assertAll(SoftAssert.java:30)
at utils.apiHelper.validateStatusCode(apiHelper.java:263)
at stepDefinitions.createUserStepDefinition.admin_receives_status_with_error_message(createUserStepDefinition.java:273)
at ✽.Admin receives "400" "Bad Request" Status with error message(file:///Users/mathumathibalakrishnan/eclipse/Mathumathi_2024/2025_Team04_RestAssured_BDD/src/test/resources/features/02_createUser.feature:54)
]]>
            </full-stacktrace>
          </exception> <!-- java.lang.AssertionError -->
          <reporter-output>
          </reporter-output>
        </test-method> <!-- runScenario -->
        <test-method signature="runScenario(io.cucumber.testng.PickleWrapper,io.cucumber.testng.FeatureWrapper)[pri:0, instance:runner.testRunnerTest@7502291e]" started-at="2025-02-12T10:25:58 EST" name="runScenario" description="Runs Cucumber Scenarios" data-provider="scenarios" finished-at="2025-02-12T10:25:58 EST" duration-ms="280" status="PASS">
          <params>
            <param index="0">
              <value>
                <![CDATA["Check if Admin is able to create a user with Empty first name"]]>
              </value>
            </param>
            <param index="1">
              <value>
                <![CDATA["Create User API"]]>
              </value>
            </param>
          </params>
          <reporter-output>
          </reporter-output>
        </test-method> <!-- runScenario -->
        <test-method signature="runScenario(io.cucumber.testng.PickleWrapper,io.cucumber.testng.FeatureWrapper)[pri:0, instance:runner.testRunnerTest@7502291e]" started-at="2025-02-12T10:25:58 EST" name="runScenario" description="Runs Cucumber Scenarios" data-provider="scenarios" finished-at="2025-02-12T10:25:58 EST" duration-ms="217" status="PASS">
          <params>
            <param index="0">
              <value>
                <![CDATA["Check if Admin is able to create a user with last name as numeric"]]>
              </value>
            </param>
            <param index="1">
              <value>
                <![CDATA["Create User API"]]>
              </value>
            </param>
          </params>
          <reporter-output>
          </reporter-output>
        </test-method> <!-- runScenario -->
        <test-method signature="runScenario(io.cucumber.testng.PickleWrapper,io.cucumber.testng.FeatureWrapper)[pri:0, instance:runner.testRunnerTest@7502291e]" started-at="2025-02-12T10:25:59 EST" name="runScenario" description="Runs Cucumber Scenarios" data-provider="scenarios" finished-at="2025-02-12T10:25:59 EST" duration-ms="207" status="PASS">
          <params>
            <param index="0">
              <value>
                <![CDATA["Check if Admin is able to create a user with Empty last name"]]>
              </value>
            </param>
            <param index="1">
              <value>
                <![CDATA["Create User API"]]>
              </value>
            </param>
          </params>
          <reporter-output>
          </reporter-output>
        </test-method> <!-- runScenario -->
        <test-method signature="runScenario(io.cucumber.testng.PickleWrapper,io.cucumber.testng.FeatureWrapper)[pri:0, instance:runner.testRunnerTest@7502291e]" started-at="2025-02-12T10:25:59 EST" name="runScenario" description="Runs Cucumber Scenarios" data-provider="scenarios" finished-at="2025-02-12T10:25:59 EST" duration-ms="212" status="PASS">
          <params>
            <param index="0">
              <value>
                <![CDATA["Check if Admin is able to create a user with contact number less than ten numbers"]]>
              </value>
            </param>
            <param index="1">
              <value>
                <![CDATA["Create User API"]]>
              </value>
            </param>
          </params>
          <reporter-output>
          </reporter-output>
        </test-method> <!-- runScenario -->
        <test-method signature="runScenario(io.cucumber.testng.PickleWrapper,io.cucumber.testng.FeatureWrapper)[pri:0, instance:runner.testRunnerTest@7502291e]" started-at="2025-02-12T10:25:59 EST" name="runScenario" description="Runs Cucumber Scenarios" data-provider="scenarios" finished-at="2025-02-12T10:25:59 EST" duration-ms="204" status="PASS">
          <params>
            <param index="0">
              <value>
                <![CDATA["Check if Admin is able to create a user with contact number as alphanumeric"]]>
              </value>
            </param>
            <param index="1">
              <value>
                <![CDATA["Create User API"]]>
              </value>
            </param>
          </params>
          <reporter-output>
          </reporter-output>
        </test-method> <!-- runScenario -->
        <test-method signature="runScenario(io.cucumber.testng.PickleWrapper,io.cucumber.testng.FeatureWrapper)[pri:0, instance:runner.testRunnerTest@7502291e]" started-at="2025-02-12T10:25:59 EST" name="runScenario" description="Runs Cucumber Scenarios" data-provider="scenarios" finished-at="2025-02-12T10:25:59 EST" duration-ms="207" status="PASS">
          <params>
            <param index="0">
              <value>
                <![CDATA["Check if Admin is able to create a user with empty contact number"]]>
              </value>
            </param>
            <param index="1">
              <value>
                <![CDATA["Create User API"]]>
              </value>
            </param>
          </params>
          <reporter-output>
          </reporter-output>
        </test-method> <!-- runScenario -->
        <test-method signature="runScenario(io.cucumber.testng.PickleWrapper,io.cucumber.testng.FeatureWrapper)[pri:0, instance:runner.testRunnerTest@7502291e]" started-at="2025-02-12T10:25:59 EST" name="runScenario" description="Runs Cucumber Scenarios" data-provider="scenarios" finished-at="2025-02-12T10:26:00 EST" duration-ms="214" status="PASS">
          <params>
            <param index="0">
              <value>
                <![CDATA["Check if Admin is able to create a user with contact number greater than ten numbers"]]>
              </value>
            </param>
            <param index="1">
              <value>
                <![CDATA["Create User API"]]>
              </value>
            </param>
          </params>
          <reporter-output>
          </reporter-output>
        </test-method> <!-- runScenario -->
        <test-method signature="runScenario(io.cucumber.testng.PickleWrapper,io.cucumber.testng.FeatureWrapper)[pri:0, instance:runner.testRunnerTest@7502291e]" started-at="2025-02-12T10:26:00 EST" name="runScenario" description="Runs Cucumber Scenarios" data-provider="scenarios" finished-at="2025-02-12T10:26:00 EST" duration-ms="204" status="PASS">
          <params>
            <param index="0">
              <value>
                <![CDATA["Check if Admin is able to create a user with invalid  email format"]]>
              </value>
            </param>
            <param index="1">
              <value>
                <![CDATA["Create User API"]]>
              </value>
            </param>
          </params>
          <reporter-output>
          </reporter-output>
        </test-method> <!-- runScenario -->
        <test-method signature="runScenario(io.cucumber.testng.PickleWrapper,io.cucumber.testng.FeatureWrapper)[pri:0, instance:runner.testRunnerTest@7502291e]" started-at="2025-02-12T10:26:00 EST" name="runScenario" description="Runs Cucumber Scenarios" data-provider="scenarios" finished-at="2025-02-12T10:26:00 EST" duration-ms="206" status="PASS">
          <params>
            <param index="0">
              <value>
                <![CDATA["Check if Admin is able to create a user with empty email"]]>
              </value>
            </param>
            <param index="1">
              <value>
                <![CDATA["Create User API"]]>
              </value>
            </param>
          </params>
          <reporter-output>
          </reporter-output>
        </test-method> <!-- runScenario -->
        <test-method signature="runScenario(io.cucumber.testng.PickleWrapper,io.cucumber.testng.FeatureWrapper)[pri:0, instance:runner.testRunnerTest@7502291e]" started-at="2025-02-12T10:26:00 EST" name="runScenario" description="Runs Cucumber Scenarios" data-provider="scenarios" finished-at="2025-02-12T10:26:00 EST" duration-ms="282" status="PASS">
          <params>
            <param index="0">
              <value>
                <![CDATA["Check if Admin is able to create a user with invalid plot number"]]>
              </value>
            </param>
            <param index="1">
              <value>
                <![CDATA["Create User API"]]>
              </value>
            </param>
          </params>
          <reporter-output>
          </reporter-output>
        </test-method> <!-- runScenario -->
        <test-method signature="runScenario(io.cucumber.testng.PickleWrapper,io.cucumber.testng.FeatureWrapper)[pri:0, instance:runner.testRunnerTest@7502291e]" started-at="2025-02-12T10:26:00 EST" name="runScenario" description="Runs Cucumber Scenarios" data-provider="scenarios" finished-at="2025-02-12T10:26:00 EST" duration-ms="211" status="PASS">
          <params>
            <param index="0">
              <value>
                <![CDATA["Check if Admin is able to create a user with empty plot number"]]>
              </value>
            </param>
            <param index="1">
              <value>
                <![CDATA["Create User API"]]>
              </value>
            </param>
          </params>
          <reporter-output>
          </reporter-output>
        </test-method> <!-- runScenario -->
        <test-method signature="runScenario(io.cucumber.testng.PickleWrapper,io.cucumber.testng.FeatureWrapper)[pri:0, instance:runner.testRunnerTest@7502291e]" started-at="2025-02-12T10:26:00 EST" name="runScenario" description="Runs Cucumber Scenarios" data-provider="scenarios" finished-at="2025-02-12T10:26:01 EST" duration-ms="210" status="PASS">
          <params>
            <param index="0">
              <value>
                <![CDATA["Check if Admin is able to create a user with Street as numeric"]]>
              </value>
            </param>
            <param index="1">
              <value>
                <![CDATA["Create User API"]]>
              </value>
            </param>
          </params>
          <reporter-output>
          </reporter-output>
        </test-method> <!-- runScenario -->
        <test-method signature="runScenario(io.cucumber.testng.PickleWrapper,io.cucumber.testng.FeatureWrapper)[pri:0, instance:runner.testRunnerTest@7502291e]" started-at="2025-02-12T10:26:01 EST" name="runScenario" description="Runs Cucumber Scenarios" data-provider="scenarios" finished-at="2025-02-12T10:26:01 EST" duration-ms="204" status="PASS">
          <params>
            <param index="0">
              <value>
                <![CDATA["Check if Admin is able to create a user with Street as empty"]]>
              </value>
            </param>
            <param index="1">
              <value>
                <![CDATA["Create User API"]]>
              </value>
            </param>
          </params>
          <reporter-output>
          </reporter-output>
        </test-method> <!-- runScenario -->
        <test-method signature="runScenario(io.cucumber.testng.PickleWrapper,io.cucumber.testng.FeatureWrapper)[pri:0, instance:runner.testRunnerTest@7502291e]" started-at="2025-02-12T10:26:01 EST" name="runScenario" description="Runs Cucumber Scenarios" data-provider="scenarios" finished-at="2025-02-12T10:26:01 EST" duration-ms="221" status="PASS">
          <params>
            <param index="0">
              <value>
                <![CDATA["Check if Admin is able to create a user with State as numeric"]]>
              </value>
            </param>
            <param index="1">
              <value>
                <![CDATA["Create User API"]]>
              </value>
            </param>
          </params>
          <reporter-output>
          </reporter-output>
        </test-method> <!-- runScenario -->
        <test-method signature="runScenario(io.cucumber.testng.PickleWrapper,io.cucumber.testng.FeatureWrapper)[pri:0, instance:runner.testRunnerTest@7502291e]" started-at="2025-02-12T10:26:01 EST" name="runScenario" description="Runs Cucumber Scenarios" data-provider="scenarios" finished-at="2025-02-12T10:26:01 EST" duration-ms="287" status="PASS">
          <params>
            <param index="0">
              <value>
                <![CDATA["Check if Admin is able to create a user with State as empty"]]>
              </value>
            </param>
            <param index="1">
              <value>
                <![CDATA["Create User API"]]>
              </value>
            </param>
          </params>
          <reporter-output>
          </reporter-output>
        </test-method> <!-- runScenario -->
        <test-method signature="runScenario(io.cucumber.testng.PickleWrapper,io.cucumber.testng.FeatureWrapper)[pri:0, instance:runner.testRunnerTest@7502291e]" started-at="2025-02-12T10:26:01 EST" name="runScenario" description="Runs Cucumber Scenarios" data-provider="scenarios" finished-at="2025-02-12T10:26:02 EST" duration-ms="217" status="PASS">
          <params>
            <param index="0">
              <value>
                <![CDATA["Check if Admin is able to create a user with country as numeric"]]>
              </value>
            </param>
            <param index="1">
              <value>
                <![CDATA["Create User API"]]>
              </value>
            </param>
          </params>
          <reporter-output>
          </reporter-output>
        </test-method> <!-- runScenario -->
        <test-method signature="runScenario(io.cucumber.testng.PickleWrapper,io.cucumber.testng.FeatureWrapper)[pri:0, instance:runner.testRunnerTest@7502291e]" started-at="2025-02-12T10:26:02 EST" name="runScenario" description="Runs Cucumber Scenarios" data-provider="scenarios" finished-at="2025-02-12T10:26:02 EST" duration-ms="215" status="PASS">
          <params>
            <param index="0">
              <value>
                <![CDATA["Check if Admin is able to create a user with country as empty"]]>
              </value>
            </param>
            <param index="1">
              <value>
                <![CDATA["Create User API"]]>
              </value>
            </param>
          </params>
          <reporter-output>
          </reporter-output>
        </test-method> <!-- runScenario -->
        <test-method signature="runScenario(io.cucumber.testng.PickleWrapper,io.cucumber.testng.FeatureWrapper)[pri:0, instance:runner.testRunnerTest@7502291e]" started-at="2025-02-12T10:26:02 EST" name="runScenario" description="Runs Cucumber Scenarios" data-provider="scenarios" finished-at="2025-02-12T10:26:02 EST" duration-ms="207" status="PASS">
          <params>
            <param index="0">
              <value>
                <![CDATA["Check if Admin is able to create a user with zipcode as alphanumeric"]]>
              </value>
            </param>
            <param index="1">
              <value>
                <![CDATA["Create User API"]]>
              </value>
            </param>
          </params>
          <reporter-output>
          </reporter-output>
        </test-method> <!-- runScenario -->
        <test-method signature="runScenario(io.cucumber.testng.PickleWrapper,io.cucumber.testng.FeatureWrapper)[pri:0, instance:runner.testRunnerTest@7502291e]" started-at="2025-02-12T10:26:02 EST" name="runScenario" description="Runs Cucumber Scenarios" data-provider="scenarios" finished-at="2025-02-12T10:26:03 EST" duration-ms="513" status="FAIL">
          <params>
            <param index="0">
              <value>
                <![CDATA["Check if Admin is able to create a user with zipcode as empty"]]>
              </value>
            </param>
            <param index="1">
              <value>
                <![CDATA["Create User API"]]>
              </value>
            </param>
          </params>
          <exception class="java.lang.AssertionError">
            <message>
              <![CDATA[The following asserts failed:
Status Code Validation Failed! expected [400] but found [201]]]>
            </message>
            <full-stacktrace>
              <![CDATA[java.lang.AssertionError: The following asserts failed:
Status Code Validation Failed! expected [400] but found [201]
at org.testng.asserts.SoftAssert.assertAll(SoftAssert.java:46)
at org.testng.asserts.SoftAssert.assertAll(SoftAssert.java:30)
at utils.apiHelper.validateStatusCode(apiHelper.java:263)
at stepDefinitions.createUserStepDefinition.admin_receives_status_with_error_message(createUserStepDefinition.java:273)
at ✽.Admin receives "400" "Bad Request" Status with error message(file:///Users/mathumathibalakrishnan/eclipse/Mathumathi_2024/2025_Team04_RestAssured_BDD/src/test/resources/features/02_createUser.feature:149)
]]>
            </full-stacktrace>
          </exception> <!-- java.lang.AssertionError -->
          <reporter-output>
          </reporter-output>
        </test-method> <!-- runScenario -->
        <test-method signature="runScenario(io.cucumber.testng.PickleWrapper,io.cucumber.testng.FeatureWrapper)[pri:0, instance:runner.testRunnerTest@7502291e]" started-at="2025-02-12T10:26:03 EST" name="runScenario" description="Runs Cucumber Scenarios" data-provider="scenarios" finished-at="2025-02-12T10:26:03 EST" duration-ms="191" status="PASS">
          <params>
            <param index="0">
              <value>
                <![CDATA["Check if Admin is able to GET user by valid USER ID"]]>
              </value>
            </param>
            <param index="1">
              <value>
                <![CDATA["Get User By UserID API"]]>
              </value>
            </param>
          </params>
          <reporter-output>
          </reporter-output>
        </test-method> <!-- runScenario -->
        <test-method signature="runScenario(io.cucumber.testng.PickleWrapper,io.cucumber.testng.FeatureWrapper)[pri:0, instance:runner.testRunnerTest@7502291e]" started-at="2025-02-12T10:26:03 EST" name="runScenario" description="Runs Cucumber Scenarios" data-provider="scenarios" finished-at="2025-02-12T10:26:03 EST" duration-ms="198" status="PASS">
          <params>
            <param index="0">
              <value>
                <![CDATA["Check if Admin is able to GET user by invalid USER ID"]]>
              </value>
            </param>
            <param index="1">
              <value>
                <![CDATA["Get User By UserID API"]]>
              </value>
            </param>
          </params>
          <reporter-output>
          </reporter-output>
        </test-method> <!-- runScenario -->
        <test-method signature="runScenario(io.cucumber.testng.PickleWrapper,io.cucumber.testng.FeatureWrapper)[pri:0, instance:runner.testRunnerTest@7502291e]" started-at="2025-02-12T10:26:03 EST" name="runScenario" description="Runs Cucumber Scenarios" data-provider="scenarios" finished-at="2025-02-12T10:26:03 EST" duration-ms="194" status="PASS">
          <params>
            <param index="0">
              <value>
                <![CDATA["Check if Admin is able to GET user by user id with invalid request type"]]>
              </value>
            </param>
            <param index="1">
              <value>
                <![CDATA["Get User By UserID API"]]>
              </value>
            </param>
          </params>
          <reporter-output>
          </reporter-output>
        </test-method> <!-- runScenario -->
        <test-method signature="runScenario(io.cucumber.testng.PickleWrapper,io.cucumber.testng.FeatureWrapper)[pri:0, instance:runner.testRunnerTest@7502291e]" started-at="2025-02-12T10:26:03 EST" name="runScenario" description="Runs Cucumber Scenarios" data-provider="scenarios" finished-at="2025-02-12T10:26:03 EST" duration-ms="307" status="PASS">
          <params>
            <param index="0">
              <value>
                <![CDATA["Check if Admin is able to GET user by USER ID with invaid Basic Auth"]]>
              </value>
            </param>
            <param index="1">
              <value>
                <![CDATA["Get User By UserID API"]]>
              </value>
            </param>
          </params>
          <reporter-output>
          </reporter-output>
        </test-method> <!-- runScenario -->
        <test-method signature="runScenario(io.cucumber.testng.PickleWrapper,io.cucumber.testng.FeatureWrapper)[pri:0, instance:runner.testRunnerTest@7502291e]" started-at="2025-02-12T10:26:03 EST" name="runScenario" description="Runs Cucumber Scenarios" data-provider="scenarios" finished-at="2025-02-12T10:26:04 EST" duration-ms="124" status="PASS">
          <params>
            <param index="0">
              <value>
                <![CDATA["Check if Admin is able to GET user by USER ID with No Auth"]]>
              </value>
            </param>
            <param index="1">
              <value>
                <![CDATA["Get User By UserID API"]]>
              </value>
            </param>
          </params>
          <reporter-output>
          </reporter-output>
        </test-method> <!-- runScenario -->
        <test-method signature="runScenario(io.cucumber.testng.PickleWrapper,io.cucumber.testng.FeatureWrapper)[pri:0, instance:runner.testRunnerTest@7502291e]" started-at="2025-02-12T10:26:04 EST" name="runScenario" description="Runs Cucumber Scenarios" data-provider="scenarios" finished-at="2025-02-12T10:26:04 EST" duration-ms="392" status="PASS">
          <params>
            <param index="0">
              <value>
                <![CDATA["Check if Admin is able to update a user with all valid credentials"]]>
              </value>
            </param>
            <param index="1">
              <value>
                <![CDATA["Update User API"]]>
              </value>
            </param>
          </params>
          <reporter-output>
          </reporter-output>
        </test-method> <!-- runScenario -->
        <test-method signature="runScenario(io.cucumber.testng.PickleWrapper,io.cucumber.testng.FeatureWrapper)[pri:0, instance:runner.testRunnerTest@7502291e]" started-at="2025-02-12T10:26:04 EST" name="runScenario" description="Runs Cucumber Scenarios" data-provider="scenarios" finished-at="2025-02-12T10:26:04 EST" duration-ms="202" status="PASS">
          <params>
            <param index="0">
              <value>
                <![CDATA["Check if Admin is able to update a user with No Auth"]]>
              </value>
            </param>
            <param index="1">
              <value>
                <![CDATA["Update User API"]]>
              </value>
            </param>
          </params>
          <reporter-output>
          </reporter-output>
        </test-method> <!-- runScenario -->
        <test-method signature="runScenario(io.cucumber.testng.PickleWrapper,io.cucumber.testng.FeatureWrapper)[pri:0, instance:runner.testRunnerTest@7502291e]" started-at="2025-02-12T10:26:04 EST" name="runScenario" description="Runs Cucumber Scenarios" data-provider="scenarios" finished-at="2025-02-12T10:26:04 EST" duration-ms="205" status="PASS">
          <params>
            <param index="0">
              <value>
                <![CDATA["Check if Admin is able to update a user with invalid basic auth"]]>
              </value>
            </param>
            <param index="1">
              <value>
                <![CDATA["Update User API"]]>
              </value>
            </param>
          </params>
          <reporter-output>
          </reporter-output>
        </test-method> <!-- runScenario -->
        <test-method signature="runScenario(io.cucumber.testng.PickleWrapper,io.cucumber.testng.FeatureWrapper)[pri:0, instance:runner.testRunnerTest@7502291e]" started-at="2025-02-12T10:26:04 EST" name="runScenario" description="Runs Cucumber Scenarios" data-provider="scenarios" finished-at="2025-02-12T10:26:05 EST" duration-ms="223" status="PASS">
          <params>
            <param index="0">
              <value>
                <![CDATA["Check if Admin is able to GET user by valid USER FirstName"]]>
              </value>
            </param>
            <param index="1">
              <value>
                <![CDATA["Get User By UserFirstName API"]]>
              </value>
            </param>
          </params>
          <reporter-output>
          </reporter-output>
        </test-method> <!-- runScenario -->
        <test-method signature="runScenario(io.cucumber.testng.PickleWrapper,io.cucumber.testng.FeatureWrapper)[pri:0, instance:runner.testRunnerTest@7502291e]" started-at="2025-02-12T10:26:05 EST" name="runScenario" description="Runs Cucumber Scenarios" data-provider="scenarios" finished-at="2025-02-12T10:26:05 EST" duration-ms="217" status="PASS">
          <params>
            <param index="0">
              <value>
                <![CDATA["Check if Admin is able to GET user by invalid USER FirstName"]]>
              </value>
            </param>
            <param index="1">
              <value>
                <![CDATA["Get User By UserFirstName API"]]>
              </value>
            </param>
          </params>
          <reporter-output>
          </reporter-output>
        </test-method> <!-- runScenario -->
        <test-method signature="runScenario(io.cucumber.testng.PickleWrapper,io.cucumber.testng.FeatureWrapper)[pri:0, instance:runner.testRunnerTest@7502291e]" started-at="2025-02-12T10:26:05 EST" name="runScenario" description="Runs Cucumber Scenarios" data-provider="scenarios" finished-at="2025-02-12T10:26:05 EST" duration-ms="208" status="PASS">
          <params>
            <param index="0">
              <value>
                <![CDATA["Check if Admin is able to GET user by user FirstName with invalid request type"]]>
              </value>
            </param>
            <param index="1">
              <value>
                <![CDATA["Get User By UserFirstName API"]]>
              </value>
            </param>
          </params>
          <reporter-output>
          </reporter-output>
        </test-method> <!-- runScenario -->
        <test-method signature="runScenario(io.cucumber.testng.PickleWrapper,io.cucumber.testng.FeatureWrapper)[pri:0, instance:runner.testRunnerTest@7502291e]" started-at="2025-02-12T10:26:05 EST" name="runScenario" description="Runs Cucumber Scenarios" data-provider="scenarios" finished-at="2025-02-12T10:26:05 EST" duration-ms="243" status="PASS">
          <params>
            <param index="0">
              <value>
                <![CDATA["Check if Admin is able to GET user by USER FirstName with invaid Basic Auth"]]>
              </value>
            </param>
            <param index="1">
              <value>
                <![CDATA["Get User By UserFirstName API"]]>
              </value>
            </param>
          </params>
          <reporter-output>
          </reporter-output>
        </test-method> <!-- runScenario -->
        <test-method signature="runScenario(io.cucumber.testng.PickleWrapper,io.cucumber.testng.FeatureWrapper)[pri:0, instance:runner.testRunnerTest@7502291e]" started-at="2025-02-12T10:26:05 EST" name="runScenario" description="Runs Cucumber Scenarios" data-provider="scenarios" finished-at="2025-02-12T10:26:05 EST" duration-ms="135" status="PASS">
          <params>
            <param index="0">
              <value>
                <![CDATA["Check if Admin is able to GET user by USER FirstName with No Auth"]]>
              </value>
            </param>
            <param index="1">
              <value>
                <![CDATA["Get User By UserFirstName API"]]>
              </value>
            </param>
          </params>
          <reporter-output>
          </reporter-output>
        </test-method> <!-- runScenario -->
        <test-method signature="runScenario(io.cucumber.testng.PickleWrapper,io.cucumber.testng.FeatureWrapper)[pri:0, instance:runner.testRunnerTest@7502291e]" started-at="2025-02-12T10:26:05 EST" name="runScenario" description="Runs Cucumber Scenarios" data-provider="scenarios" finished-at="2025-02-12T10:26:06 EST" duration-ms="223" status="PASS">
          <params>
            <param index="0">
              <value>
                <![CDATA["Check if Admin is able to DELETE user by valid USER ID"]]>
              </value>
            </param>
            <param index="1">
              <value>
                <![CDATA["Delete User By UserID API"]]>
              </value>
            </param>
          </params>
          <reporter-output>
          </reporter-output>
        </test-method> <!-- runScenario -->
        <test-method signature="runScenario(io.cucumber.testng.PickleWrapper,io.cucumber.testng.FeatureWrapper)[pri:0, instance:runner.testRunnerTest@7502291e]" started-at="2025-02-12T10:26:06 EST" name="runScenario" description="Runs Cucumber Scenarios" data-provider="scenarios" finished-at="2025-02-12T10:26:06 EST" duration-ms="230" status="PASS">
          <params>
            <param index="0">
              <value>
                <![CDATA["Check if Admin is able to DELETE user by already deleted USER ID"]]>
              </value>
            </param>
            <param index="1">
              <value>
                <![CDATA["Delete User By UserID API"]]>
              </value>
            </param>
          </params>
          <reporter-output>
          </reporter-output>
        </test-method> <!-- runScenario -->
        <test-method signature="runScenario(io.cucumber.testng.PickleWrapper,io.cucumber.testng.FeatureWrapper)[pri:0, instance:runner.testRunnerTest@7502291e]" started-at="2025-02-12T10:26:06 EST" name="runScenario" description="Runs Cucumber Scenarios" data-provider="scenarios" finished-at="2025-02-12T10:26:06 EST" duration-ms="205" status="PASS">
          <params>
            <param index="0">
              <value>
                <![CDATA["Check if Admin is able to DELETE user by invalid USER ID"]]>
              </value>
            </param>
            <param index="1">
              <value>
                <![CDATA["Delete User By UserID API"]]>
              </value>
            </param>
          </params>
          <reporter-output>
          </reporter-output>
        </test-method> <!-- runScenario -->
        <test-method signature="runScenario(io.cucumber.testng.PickleWrapper,io.cucumber.testng.FeatureWrapper)[pri:0, instance:runner.testRunnerTest@7502291e]" started-at="2025-02-12T10:26:06 EST" name="runScenario" description="Runs Cucumber Scenarios" data-provider="scenarios" finished-at="2025-02-12T10:26:06 EST" duration-ms="305" status="PASS">
          <params>
            <param index="0">
              <value>
                <![CDATA["Check if Admin is able to DELETE user by user id with invalid request type"]]>
              </value>
            </param>
            <param index="1">
              <value>
                <![CDATA["Delete User By UserID API"]]>
              </value>
            </param>
          </params>
          <reporter-output>
          </reporter-output>
        </test-method> <!-- runScenario -->
        <test-method signature="runScenario(io.cucumber.testng.PickleWrapper,io.cucumber.testng.FeatureWrapper)[pri:0, instance:runner.testRunnerTest@7502291e]" started-at="2025-02-12T10:26:06 EST" name="runScenario" description="Runs Cucumber Scenarios" data-provider="scenarios" finished-at="2025-02-12T10:26:07 EST" duration-ms="213" status="PASS">
          <params>
            <param index="0">
              <value>
                <![CDATA["Check if Admin is able to DELETE user by USER ID with invaid Basic Auth"]]>
              </value>
            </param>
            <param index="1">
              <value>
                <![CDATA["Delete User By UserID API"]]>
              </value>
            </param>
          </params>
          <reporter-output>
          </reporter-output>
        </test-method> <!-- runScenario -->
        <test-method signature="runScenario(io.cucumber.testng.PickleWrapper,io.cucumber.testng.FeatureWrapper)[pri:0, instance:runner.testRunnerTest@7502291e]" started-at="2025-02-12T10:26:07 EST" name="runScenario" description="Runs Cucumber Scenarios" data-provider="scenarios" finished-at="2025-02-12T10:26:07 EST" duration-ms="113" status="PASS">
          <params>
            <param index="0">
              <value>
                <![CDATA["Check if Admin is able to DELETE user by USER ID with No Auth"]]>
              </value>
            </param>
            <param index="1">
              <value>
                <![CDATA["Delete User By UserID API"]]>
              </value>
            </param>
          </params>
          <reporter-output>
          </reporter-output>
        </test-method> <!-- runScenario -->
        <test-method is-config="true" signature="tearDownClass()[pri:0, instance:runner.testRunnerTest@7502291e]" started-at="2025-02-12T10:26:07 EST" name="tearDownClass" finished-at="2025-02-12T10:26:07 EST" duration-ms="89" status="PASS">
          <reporter-output>
          </reporter-output>
        </test-method> <!-- tearDownClass -->
      </class> <!-- runner.testRunnerTest -->
    </test> <!-- Default test -->
  </suite> <!-- Default suite -->
</testng-results>
