<?xml version="1.0" encoding="UTF-8"?>
<testng-results ignored="0" total="1" passed="1" failed="0" skipped="0">
  <reporter-output>
  </reporter-output>
  <suite started-at="2025-02-06T18:57:44 EST" name="Default suite" finished-at="2025-02-06T18:57:47 EST" duration-ms="3185">
    <groups>
      <group name="cucumber">
        <method signature="AbstractTestNGCucumberTests.runScenario(io.cucumber.testng.PickleWrapper,io.cucumber.testng.FeatureWrapper)[pri:0, instance:testRunner.testRunner@740d2e78]" name="runScenario" class="io.cucumber.testng.AbstractTestNGCucumberTests"/>
      </group> <!-- cucumber -->
    </groups>
    <test started-at="2025-02-06T18:57:44 EST" name="Default test" finished-at="2025-02-06T18:57:47 EST" duration-ms="3185">
      <class name="testRunner.testRunner">
        <test-method is-config="true" signature="setUpClass(org.testng.ITestContext)[pri:0, instance:testRunner.testRunner@740d2e78]" started-at="2025-02-06T18:57:44 EST" name="setUpClass" finished-at="2025-02-06T18:57:44 EST" duration-ms="200" status="PASS">
          <params>
            <param index="0">
              <value>
                <![CDATA[org.testng.TestRunner@35ab4260]]>
              </value>
            </param>
          </params>
          <reporter-output>
          </reporter-output>
        </test-method> <!-- setUpClass -->
        <test-method signature="runScenario(io.cucumber.testng.PickleWrapper,io.cucumber.testng.FeatureWrapper)[pri:0, instance:testRunner.testRunner@740d2e78]" started-at="2025-02-06T18:57:44 EST" name="runScenario" description="Runs Cucumber Scenarios" data-provider="scenarios" finished-at="2025-02-06T18:57:47 EST" duration-ms="2911" status="PASS">
          <params>
            <param index="0">
              <value>
                <![CDATA["Check if Admin is able to Get All User List with valid credentials"]]>
              </value>
            </param>
            <param index="1">
              <value>
                <![CDATA["GetAllUsers"]]>
              </value>
            </param>
          </params>
          <reporter-output>
          </reporter-output>
        </test-method> <!-- runScenario -->
        <test-method is-config="true" signature="tearDownClass()[pri:0, instance:testRunner.testRunner@740d2e78]" started-at="2025-02-06T18:57:47 EST" name="tearDownClass" finished-at="2025-02-06T18:57:47 EST" duration-ms="33" status="PASS">
          <reporter-output>
          </reporter-output>
        </test-method> <!-- tearDownClass -->
      </class> <!-- testRunner.testRunner -->
    </test> <!-- Default test -->
  </suite> <!-- Default suite -->
</testng-results>
