<?xml version="1.0" encoding="UTF-8"?>
<testng-results ignored="0" total="1" passed="0" failed="1" skipped="0">
  <reporter-output>
  </reporter-output>
  <suite started-at="2025-02-08T17:08:14 EST" name="Default suite" finished-at="2025-02-08T17:08:16 EST" duration-ms="1736">
    <groups>
      <group name="cucumber">
        <method signature="AbstractTestNGCucumberTests.runScenario(io.cucumber.testng.PickleWrapper,io.cucumber.testng.FeatureWrapper)[pri:0, instance:testRunner.testRunner@8dbfffb]" name="runScenario" class="io.cucumber.testng.AbstractTestNGCucumberTests"/>
      </group> <!-- cucumber -->
    </groups>
    <test started-at="2025-02-08T17:08:14 EST" name="Default test" finished-at="2025-02-08T17:08:16 EST" duration-ms="1736">
      <class name="testRunner.testRunner">
        <test-method is-config="true" signature="setUpClass(org.testng.ITestContext)[pri:0, instance:testRunner.testRunner@8dbfffb]" started-at="2025-02-08T17:08:14 EST" name="setUpClass" finished-at="2025-02-08T17:08:15 EST" duration-ms="371" status="PASS">
          <params>
            <param index="0">
              <value>
                <![CDATA[org.testng.TestRunner@5d8e4fa8]]>
              </value>
            </param>
          </params>
          <reporter-output>
          </reporter-output>
        </test-method> <!-- setUpClass -->
        <test-method signature="runScenario(io.cucumber.testng.PickleWrapper,io.cucumber.testng.FeatureWrapper)[pri:0, instance:testRunner.testRunner@8dbfffb]" started-at="2025-02-08T17:08:15 EST" name="runScenario" description="Runs Cucumber Scenarios" data-provider="scenarios" finished-at="2025-02-08T17:08:16 EST" duration-ms="1248" status="FAIL">
          <params>
            <param index="0">
              <value>
                <![CDATA["Check if Admin is able to create a user with zipcode as empty"]]>
              </value>
            </param>
            <param index="1">
              <value>
                <![CDATA["Create User API"]]>
              </value>
            </param>
          </params>
          <exception class="java.lang.AssertionError">
            <message>
              <![CDATA[expected [400] but found [201]]]>
            </message>
            <full-stacktrace>
              <![CDATA[java.lang.AssertionError: expected [400] but found [201]
at org.testng.Assert.fail(Assert.java:111)
at org.testng.Assert.failNotEquals(Assert.java:1578)
at org.testng.Assert.assertEqualsImpl(Assert.java:150)
at org.testng.Assert.assertEquals(Assert.java:132)
at org.testng.Assert.assertEquals(Assert.java:1419)
at org.testng.Assert.assertEquals(Assert.java:1383)
at org.testng.Assert.assertEquals(Assert.java:1429)
at stepDefinitions.createUserStepDefinition.admin_receives_status_with_error_message(createUserStepDefinition.java:357)
at ✽.Admin receives "400" "Bad Request" Status with error message(file:///Users/mathumathibalakrishnan/eclipse/Mathumathi_2024/2025_Team04_RestAssured_BDD/src/test/resources/features/02_createUser.feature:149)
]]>
            </full-stacktrace>
          </exception> <!-- java.lang.AssertionError -->
          <reporter-output>
          </reporter-output>
        </test-method> <!-- runScenario -->
        <test-method is-config="true" signature="tearDownClass()[pri:0, instance:testRunner.testRunner@8dbfffb]" started-at="2025-02-08T17:08:16 EST" name="tearDownClass" finished-at="2025-02-08T17:08:16 EST" duration-ms="67" status="PASS">
          <reporter-output>
          </reporter-output>
        </test-method> <!-- tearDownClass -->
      </class> <!-- testRunner.testRunner -->
    </test> <!-- Default test -->
  </suite> <!-- Default suite -->
</testng-results>
