<?xml version="1.0" encoding="UTF-8"?>
<testng-results ignored="0" total="53" passed="51" failed="2" skipped="0">
  <reporter-output>
  </reporter-output>
  <suite started-at="2025-02-09T20:05:23 EST" name="Default suite" finished-at="2025-02-09T20:05:37 EST" duration-ms="13826">
    <groups>
      <group name="cucumber">
        <method signature="AbstractTestNGCucumberTests.runScenario(io.cucumber.testng.PickleWrapper,io.cucumber.testng.FeatureWrapper)[pri:0, instance:testRunner.testRunner@8dbfffb]" name="runScenario" class="io.cucumber.testng.AbstractTestNGCucumberTests"/>
      </group> <!-- cucumber -->
    </groups>
    <test started-at="2025-02-09T20:05:23 EST" name="Default test" finished-at="2025-02-09T20:05:37 EST" duration-ms="13826">
      <class name="testRunner.testRunner">
        <test-method is-config="true" signature="setUpClass(org.testng.ITestContext)[pri:0, instance:testRunner.testRunner@8dbfffb]" started-at="2025-02-09T20:05:23 EST" name="setUpClass" finished-at="2025-02-09T20:05:24 EST" duration-ms="369" status="PASS">
          <params>
            <param index="0">
              <value>
                <![CDATA[org.testng.TestRunner@358bbbe2]]>
              </value>
            </param>
          </params>
          <reporter-output>
          </reporter-output>
        </test-method> <!-- setUpClass -->
        <test-method signature="runScenario(io.cucumber.testng.PickleWrapper,io.cucumber.testng.FeatureWrapper)[pri:0, instance:testRunner.testRunner@8dbfffb]" started-at="2025-02-09T20:05:24 EST" name="runScenario" description="Runs Cucumber Scenarios" data-provider="scenarios" finished-at="2025-02-09T20:05:27 EST" duration-ms="2952" status="PASS">
          <params>
            <param index="0">
              <value>
                <![CDATA["Check if Admin is able to Get All User List with valid credentials"]]>
              </value>
            </param>
            <param index="1">
              <value>
                <![CDATA["GetAllUsers"]]>
              </value>
            </param>
          </params>
          <reporter-output>
          </reporter-output>
        </test-method> <!-- runScenario -->
        <test-method signature="runScenario(io.cucumber.testng.PickleWrapper,io.cucumber.testng.FeatureWrapper)[pri:0, instance:testRunner.testRunner@8dbfffb]" started-at="2025-02-09T20:05:27 EST" name="runScenario" description="Runs Cucumber Scenarios" data-provider="scenarios" finished-at="2025-02-09T20:05:27 EST" duration-ms="212" status="PASS">
          <params>
            <param index="0">
              <value>
                <![CDATA["Check if Admin is able to Get All User List without endpoint"]]>
              </value>
            </param>
            <param index="1">
              <value>
                <![CDATA["GetAllUsers"]]>
              </value>
            </param>
          </params>
          <reporter-output>
          </reporter-output>
        </test-method> <!-- runScenario -->
        <test-method signature="runScenario(io.cucumber.testng.PickleWrapper,io.cucumber.testng.FeatureWrapper)[pri:0, instance:testRunner.testRunner@8dbfffb]" started-at="2025-02-09T20:05:27 EST" name="runScenario" description="Runs Cucumber Scenarios" data-provider="scenarios" finished-at="2025-02-09T20:05:27 EST" duration-ms="247" status="PASS">
          <params>
            <param index="0">
              <value>
                <![CDATA["Check if Admin is unable to Get All User List with invalid endpoint"]]>
              </value>
            </param>
            <param index="1">
              <value>
                <![CDATA["GetAllUsers"]]>
              </value>
            </param>
          </params>
          <reporter-output>
          </reporter-output>
        </test-method> <!-- runScenario -->
        <test-method signature="runScenario(io.cucumber.testng.PickleWrapper,io.cucumber.testng.FeatureWrapper)[pri:0, instance:testRunner.testRunner@8dbfffb]" started-at="2025-02-09T20:05:27 EST" name="runScenario" description="Runs Cucumber Scenarios" data-provider="scenarios" finished-at="2025-02-09T20:05:27 EST" duration-ms="104" status="PASS">
          <params>
            <param index="0">
              <value>
                <![CDATA["Check if Admin is able to Get  all user with No Auth"]]>
              </value>
            </param>
            <param index="1">
              <value>
                <![CDATA["GetAllUsers"]]>
              </value>
            </param>
          </params>
          <reporter-output>
          </reporter-output>
        </test-method> <!-- runScenario -->
        <test-method signature="runScenario(io.cucumber.testng.PickleWrapper,io.cucumber.testng.FeatureWrapper)[pri:0, instance:testRunner.testRunner@8dbfffb]" started-at="2025-02-09T20:05:27 EST" name="runScenario" description="Runs Cucumber Scenarios" data-provider="scenarios" finished-at="2025-02-09T20:05:28 EST" duration-ms="181" status="PASS">
          <params>
            <param index="0">
              <value>
                <![CDATA["Check if Admin is able to Get  all user with Invalid Basic Auth"]]>
              </value>
            </param>
            <param index="1">
              <value>
                <![CDATA["GetAllUsers"]]>
              </value>
            </param>
          </params>
          <reporter-output>
          </reporter-output>
        </test-method> <!-- runScenario -->
        <test-method signature="runScenario(io.cucumber.testng.PickleWrapper,io.cucumber.testng.FeatureWrapper)[pri:0, instance:testRunner.testRunner@8dbfffb]" started-at="2025-02-09T20:05:28 EST" name="runScenario" description="Runs Cucumber Scenarios" data-provider="scenarios" finished-at="2025-02-09T20:05:28 EST" duration-ms="473" status="PASS">
          <params>
            <param index="0">
              <value>
                <![CDATA["Check if Admin is able to create a user with all valid credentials"]]>
              </value>
            </param>
            <param index="1">
              <value>
                <![CDATA["Create User API"]]>
              </value>
            </param>
          </params>
          <reporter-output>
          </reporter-output>
        </test-method> <!-- runScenario -->
        <test-method signature="runScenario(io.cucumber.testng.PickleWrapper,io.cucumber.testng.FeatureWrapper)[pri:0, instance:testRunner.testRunner@8dbfffb]" started-at="2025-02-09T20:05:28 EST" name="runScenario" description="Runs Cucumber Scenarios" data-provider="scenarios" finished-at="2025-02-09T20:05:28 EST" duration-ms="197" status="FAIL">
          <params>
            <param index="0">
              <value>
                <![CDATA["Check if Admin is able to create a user with only mandatory fields"]]>
              </value>
            </param>
            <param index="1">
              <value>
                <![CDATA["Create User API"]]>
              </value>
            </param>
          </params>
          <exception class="java.lang.AssertionError">
            <message>
              <![CDATA[Status code mismatch expected [201] but found [500]]]>
            </message>
            <full-stacktrace>
              <![CDATA[java.lang.AssertionError: Status code mismatch expected [201] but found [500]
at org.testng.Assert.fail(Assert.java:111)
at org.testng.Assert.failNotEquals(Assert.java:1578)
at org.testng.Assert.assertEqualsImpl(Assert.java:150)
at org.testng.Assert.assertEquals(Assert.java:132)
at org.testng.Assert.assertEquals(Assert.java:1419)
at org.testng.Assert.assertEquals(Assert.java:1383)
at utils.apiHelper.statusCodeValidation(apiHelper.java:192)
at stepDefinitions.createUserStepDefinition.admin_receives_status_for_create_user_mandatory(createUserStepDefinition.java:56)
at ✽.Admin receives "201" "Created" Status for create user mandatory(file:///Users/mathumathibalakrishnan/eclipse/Mathumathi_2024/2025_Team04_RestAssured_BDD/src/test/resources/features/02_createUser.feature:14)
]]>
            </full-stacktrace>
          </exception> <!-- java.lang.AssertionError -->
          <reporter-output>
          </reporter-output>
        </test-method> <!-- runScenario -->
        <test-method signature="runScenario(io.cucumber.testng.PickleWrapper,io.cucumber.testng.FeatureWrapper)[pri:0, instance:testRunner.testRunner@8dbfffb]" started-at="2025-02-09T20:05:28 EST" name="runScenario" description="Runs Cucumber Scenarios" data-provider="scenarios" finished-at="2025-02-09T20:05:28 EST" duration-ms="195" status="PASS">
          <params>
            <param index="0">
              <value>
                <![CDATA["Check if Admin is able to create a user with invalid endpoint"]]>
              </value>
            </param>
            <param index="1">
              <value>
                <![CDATA["Create User API"]]>
              </value>
            </param>
          </params>
          <reporter-output>
          </reporter-output>
        </test-method> <!-- runScenario -->
        <test-method signature="runScenario(io.cucumber.testng.PickleWrapper,io.cucumber.testng.FeatureWrapper)[pri:0, instance:testRunner.testRunner@8dbfffb]" started-at="2025-02-09T20:05:28 EST" name="runScenario" description="Runs Cucumber Scenarios" data-provider="scenarios" finished-at="2025-02-09T20:05:29 EST" duration-ms="191" status="PASS">
          <params>
            <param index="0">
              <value>
                <![CDATA["Check if Admin is able to create a user with invalid content Type"]]>
              </value>
            </param>
            <param index="1">
              <value>
                <![CDATA["Create User API"]]>
              </value>
            </param>
          </params>
          <reporter-output>
          </reporter-output>
        </test-method> <!-- runScenario -->
        <test-method signature="runScenario(io.cucumber.testng.PickleWrapper,io.cucumber.testng.FeatureWrapper)[pri:0, instance:testRunner.testRunner@8dbfffb]" started-at="2025-02-09T20:05:29 EST" name="runScenario" description="Runs Cucumber Scenarios" data-provider="scenarios" finished-at="2025-02-09T20:05:29 EST" duration-ms="192" status="PASS">
          <params>
            <param index="0">
              <value>
                <![CDATA["Check if Admin is able to create a user with invalid request type"]]>
              </value>
            </param>
            <param index="1">
              <value>
                <![CDATA["Create User API"]]>
              </value>
            </param>
          </params>
          <reporter-output>
          </reporter-output>
        </test-method> <!-- runScenario -->
        <test-method signature="runScenario(io.cucumber.testng.PickleWrapper,io.cucumber.testng.FeatureWrapper)[pri:0, instance:testRunner.testRunner@8dbfffb]" started-at="2025-02-09T20:05:29 EST" name="runScenario" description="Runs Cucumber Scenarios" data-provider="scenarios" finished-at="2025-02-09T20:05:29 EST" duration-ms="206" status="PASS">
          <params>
            <param index="0">
              <value>
                <![CDATA["Check if Admin is able to create a user with same contact number"]]>
              </value>
            </param>
            <param index="1">
              <value>
                <![CDATA["Create User API"]]>
              </value>
            </param>
          </params>
          <reporter-output>
          </reporter-output>
        </test-method> <!-- runScenario -->
        <test-method signature="runScenario(io.cucumber.testng.PickleWrapper,io.cucumber.testng.FeatureWrapper)[pri:0, instance:testRunner.testRunner@8dbfffb]" started-at="2025-02-09T20:05:29 EST" name="runScenario" description="Runs Cucumber Scenarios" data-provider="scenarios" finished-at="2025-02-09T20:05:29 EST" duration-ms="207" status="PASS">
          <params>
            <param index="0">
              <value>
                <![CDATA["Check if Admin is able to create a user with same email"]]>
              </value>
            </param>
            <param index="1">
              <value>
                <![CDATA["Create User API"]]>
              </value>
            </param>
          </params>
          <reporter-output>
          </reporter-output>
        </test-method> <!-- runScenario -->
        <test-method signature="runScenario(io.cucumber.testng.PickleWrapper,io.cucumber.testng.FeatureWrapper)[pri:0, instance:testRunner.testRunner@8dbfffb]" started-at="2025-02-09T20:05:29 EST" name="runScenario" description="Runs Cucumber Scenarios" data-provider="scenarios" finished-at="2025-02-09T20:05:29 EST" duration-ms="106" status="PASS">
          <params>
            <param index="0">
              <value>
                <![CDATA["Check if Admin is able to create a user with No Auth"]]>
              </value>
            </param>
            <param index="1">
              <value>
                <![CDATA["Create User API"]]>
              </value>
            </param>
          </params>
          <reporter-output>
          </reporter-output>
        </test-method> <!-- runScenario -->
        <test-method signature="runScenario(io.cucumber.testng.PickleWrapper,io.cucumber.testng.FeatureWrapper)[pri:0, instance:testRunner.testRunner@8dbfffb]" started-at="2025-02-09T20:05:29 EST" name="runScenario" description="Runs Cucumber Scenarios" data-provider="scenarios" finished-at="2025-02-09T20:05:30 EST" duration-ms="190" status="PASS">
          <params>
            <param index="0">
              <value>
                <![CDATA["Check if Admin is able to create a user with invalid basic auth"]]>
              </value>
            </param>
            <param index="1">
              <value>
                <![CDATA["Create User API"]]>
              </value>
            </param>
          </params>
          <reporter-output>
          </reporter-output>
        </test-method> <!-- runScenario -->
        <test-method signature="runScenario(io.cucumber.testng.PickleWrapper,io.cucumber.testng.FeatureWrapper)[pri:0, instance:testRunner.testRunner@8dbfffb]" started-at="2025-02-09T20:05:30 EST" name="runScenario" description="Runs Cucumber Scenarios" data-provider="scenarios" finished-at="2025-02-09T20:05:30 EST" duration-ms="206" status="PASS">
          <params>
            <param index="0">
              <value>
                <![CDATA["Check if Admin is able to create a user with first name as numeric"]]>
              </value>
            </param>
            <param index="1">
              <value>
                <![CDATA["Create User API"]]>
              </value>
            </param>
          </params>
          <reporter-output>
          </reporter-output>
        </test-method> <!-- runScenario -->
        <test-method signature="runScenario(io.cucumber.testng.PickleWrapper,io.cucumber.testng.FeatureWrapper)[pri:0, instance:testRunner.testRunner@8dbfffb]" started-at="2025-02-09T20:05:30 EST" name="runScenario" description="Runs Cucumber Scenarios" data-provider="scenarios" finished-at="2025-02-09T20:05:30 EST" duration-ms="206" status="PASS">
          <params>
            <param index="0">
              <value>
                <![CDATA["Check if Admin is able to create a user with Empty first name"]]>
              </value>
            </param>
            <param index="1">
              <value>
                <![CDATA["Create User API"]]>
              </value>
            </param>
          </params>
          <reporter-output>
          </reporter-output>
        </test-method> <!-- runScenario -->
        <test-method signature="runScenario(io.cucumber.testng.PickleWrapper,io.cucumber.testng.FeatureWrapper)[pri:0, instance:testRunner.testRunner@8dbfffb]" started-at="2025-02-09T20:05:30 EST" name="runScenario" description="Runs Cucumber Scenarios" data-provider="scenarios" finished-at="2025-02-09T20:05:30 EST" duration-ms="212" status="PASS">
          <params>
            <param index="0">
              <value>
                <![CDATA["Check if Admin is able to create a user with last name as numeric"]]>
              </value>
            </param>
            <param index="1">
              <value>
                <![CDATA["Create User API"]]>
              </value>
            </param>
          </params>
          <reporter-output>
          </reporter-output>
        </test-method> <!-- runScenario -->
        <test-method signature="runScenario(io.cucumber.testng.PickleWrapper,io.cucumber.testng.FeatureWrapper)[pri:0, instance:testRunner.testRunner@8dbfffb]" started-at="2025-02-09T20:05:30 EST" name="runScenario" description="Runs Cucumber Scenarios" data-provider="scenarios" finished-at="2025-02-09T20:05:30 EST" duration-ms="235" status="PASS">
          <params>
            <param index="0">
              <value>
                <![CDATA["Check if Admin is able to create a user with Empty last name"]]>
              </value>
            </param>
            <param index="1">
              <value>
                <![CDATA["Create User API"]]>
              </value>
            </param>
          </params>
          <reporter-output>
          </reporter-output>
        </test-method> <!-- runScenario -->
        <test-method signature="runScenario(io.cucumber.testng.PickleWrapper,io.cucumber.testng.FeatureWrapper)[pri:0, instance:testRunner.testRunner@8dbfffb]" started-at="2025-02-09T20:05:30 EST" name="runScenario" description="Runs Cucumber Scenarios" data-provider="scenarios" finished-at="2025-02-09T20:05:31 EST" duration-ms="210" status="PASS">
          <params>
            <param index="0">
              <value>
                <![CDATA["Check if Admin is able to create a user with contact number less than ten numbers"]]>
              </value>
            </param>
            <param index="1">
              <value>
                <![CDATA["Create User API"]]>
              </value>
            </param>
          </params>
          <reporter-output>
          </reporter-output>
        </test-method> <!-- runScenario -->
        <test-method signature="runScenario(io.cucumber.testng.PickleWrapper,io.cucumber.testng.FeatureWrapper)[pri:0, instance:testRunner.testRunner@8dbfffb]" started-at="2025-02-09T20:05:31 EST" name="runScenario" description="Runs Cucumber Scenarios" data-provider="scenarios" finished-at="2025-02-09T20:05:31 EST" duration-ms="205" status="PASS">
          <params>
            <param index="0">
              <value>
                <![CDATA["Check if Admin is able to create a user with contact number as alphanumeric"]]>
              </value>
            </param>
            <param index="1">
              <value>
                <![CDATA["Create User API"]]>
              </value>
            </param>
          </params>
          <reporter-output>
          </reporter-output>
        </test-method> <!-- runScenario -->
        <test-method signature="runScenario(io.cucumber.testng.PickleWrapper,io.cucumber.testng.FeatureWrapper)[pri:0, instance:testRunner.testRunner@8dbfffb]" started-at="2025-02-09T20:05:31 EST" name="runScenario" description="Runs Cucumber Scenarios" data-provider="scenarios" finished-at="2025-02-09T20:05:31 EST" duration-ms="192" status="PASS">
          <params>
            <param index="0">
              <value>
                <![CDATA["Check if Admin is able to create a user with empty contact number"]]>
              </value>
            </param>
            <param index="1">
              <value>
                <![CDATA["Create User API"]]>
              </value>
            </param>
          </params>
          <reporter-output>
          </reporter-output>
        </test-method> <!-- runScenario -->
        <test-method signature="runScenario(io.cucumber.testng.PickleWrapper,io.cucumber.testng.FeatureWrapper)[pri:0, instance:testRunner.testRunner@8dbfffb]" started-at="2025-02-09T20:05:31 EST" name="runScenario" description="Runs Cucumber Scenarios" data-provider="scenarios" finished-at="2025-02-09T20:05:31 EST" duration-ms="190" status="PASS">
          <params>
            <param index="0">
              <value>
                <![CDATA["Check if Admin is able to create a user with contact number greater than ten numbers"]]>
              </value>
            </param>
            <param index="1">
              <value>
                <![CDATA["Create User API"]]>
              </value>
            </param>
          </params>
          <reporter-output>
          </reporter-output>
        </test-method> <!-- runScenario -->
        <test-method signature="runScenario(io.cucumber.testng.PickleWrapper,io.cucumber.testng.FeatureWrapper)[pri:0, instance:testRunner.testRunner@8dbfffb]" started-at="2025-02-09T20:05:31 EST" name="runScenario" description="Runs Cucumber Scenarios" data-provider="scenarios" finished-at="2025-02-09T20:05:31 EST" duration-ms="197" status="PASS">
          <params>
            <param index="0">
              <value>
                <![CDATA["Check if Admin is able to create a user with invalid  email format"]]>
              </value>
            </param>
            <param index="1">
              <value>
                <![CDATA["Create User API"]]>
              </value>
            </param>
          </params>
          <reporter-output>
          </reporter-output>
        </test-method> <!-- runScenario -->
        <test-method signature="runScenario(io.cucumber.testng.PickleWrapper,io.cucumber.testng.FeatureWrapper)[pri:0, instance:testRunner.testRunner@8dbfffb]" started-at="2025-02-09T20:05:31 EST" name="runScenario" description="Runs Cucumber Scenarios" data-provider="scenarios" finished-at="2025-02-09T20:05:32 EST" duration-ms="199" status="PASS">
          <params>
            <param index="0">
              <value>
                <![CDATA["Check if Admin is able to create a user with empty email"]]>
              </value>
            </param>
            <param index="1">
              <value>
                <![CDATA["Create User API"]]>
              </value>
            </param>
          </params>
          <reporter-output>
          </reporter-output>
        </test-method> <!-- runScenario -->
        <test-method signature="runScenario(io.cucumber.testng.PickleWrapper,io.cucumber.testng.FeatureWrapper)[pri:0, instance:testRunner.testRunner@8dbfffb]" started-at="2025-02-09T20:05:32 EST" name="runScenario" description="Runs Cucumber Scenarios" data-provider="scenarios" finished-at="2025-02-09T20:05:32 EST" duration-ms="193" status="PASS">
          <params>
            <param index="0">
              <value>
                <![CDATA["Check if Admin is able to create a user with invalid plot number"]]>
              </value>
            </param>
            <param index="1">
              <value>
                <![CDATA["Create User API"]]>
              </value>
            </param>
          </params>
          <reporter-output>
          </reporter-output>
        </test-method> <!-- runScenario -->
        <test-method signature="runScenario(io.cucumber.testng.PickleWrapper,io.cucumber.testng.FeatureWrapper)[pri:0, instance:testRunner.testRunner@8dbfffb]" started-at="2025-02-09T20:05:32 EST" name="runScenario" description="Runs Cucumber Scenarios" data-provider="scenarios" finished-at="2025-02-09T20:05:32 EST" duration-ms="195" status="PASS">
          <params>
            <param index="0">
              <value>
                <![CDATA["Check if Admin is able to create a user with empty plot number"]]>
              </value>
            </param>
            <param index="1">
              <value>
                <![CDATA["Create User API"]]>
              </value>
            </param>
          </params>
          <reporter-output>
          </reporter-output>
        </test-method> <!-- runScenario -->
        <test-method signature="runScenario(io.cucumber.testng.PickleWrapper,io.cucumber.testng.FeatureWrapper)[pri:0, instance:testRunner.testRunner@8dbfffb]" started-at="2025-02-09T20:05:32 EST" name="runScenario" description="Runs Cucumber Scenarios" data-provider="scenarios" finished-at="2025-02-09T20:05:32 EST" duration-ms="197" status="PASS">
          <params>
            <param index="0">
              <value>
                <![CDATA["Check if Admin is able to create a user with Street as numeric"]]>
              </value>
            </param>
            <param index="1">
              <value>
                <![CDATA["Create User API"]]>
              </value>
            </param>
          </params>
          <reporter-output>
          </reporter-output>
        </test-method> <!-- runScenario -->
        <test-method signature="runScenario(io.cucumber.testng.PickleWrapper,io.cucumber.testng.FeatureWrapper)[pri:0, instance:testRunner.testRunner@8dbfffb]" started-at="2025-02-09T20:05:32 EST" name="runScenario" description="Runs Cucumber Scenarios" data-provider="scenarios" finished-at="2025-02-09T20:05:32 EST" duration-ms="187" status="PASS">
          <params>
            <param index="0">
              <value>
                <![CDATA["Check if Admin is able to create a user with Street as empty"]]>
              </value>
            </param>
            <param index="1">
              <value>
                <![CDATA["Create User API"]]>
              </value>
            </param>
          </params>
          <reporter-output>
          </reporter-output>
        </test-method> <!-- runScenario -->
        <test-method signature="runScenario(io.cucumber.testng.PickleWrapper,io.cucumber.testng.FeatureWrapper)[pri:0, instance:testRunner.testRunner@8dbfffb]" started-at="2025-02-09T20:05:32 EST" name="runScenario" description="Runs Cucumber Scenarios" data-provider="scenarios" finished-at="2025-02-09T20:05:33 EST" duration-ms="193" status="PASS">
          <params>
            <param index="0">
              <value>
                <![CDATA["Check if Admin is able to create a user with State as numeric"]]>
              </value>
            </param>
            <param index="1">
              <value>
                <![CDATA["Create User API"]]>
              </value>
            </param>
          </params>
          <reporter-output>
          </reporter-output>
        </test-method> <!-- runScenario -->
        <test-method signature="runScenario(io.cucumber.testng.PickleWrapper,io.cucumber.testng.FeatureWrapper)[pri:0, instance:testRunner.testRunner@8dbfffb]" started-at="2025-02-09T20:05:33 EST" name="runScenario" description="Runs Cucumber Scenarios" data-provider="scenarios" finished-at="2025-02-09T20:05:33 EST" duration-ms="199" status="PASS">
          <params>
            <param index="0">
              <value>
                <![CDATA["Check if Admin is able to create a user with State as empty"]]>
              </value>
            </param>
            <param index="1">
              <value>
                <![CDATA["Create User API"]]>
              </value>
            </param>
          </params>
          <reporter-output>
          </reporter-output>
        </test-method> <!-- runScenario -->
        <test-method signature="runScenario(io.cucumber.testng.PickleWrapper,io.cucumber.testng.FeatureWrapper)[pri:0, instance:testRunner.testRunner@8dbfffb]" started-at="2025-02-09T20:05:33 EST" name="runScenario" description="Runs Cucumber Scenarios" data-provider="scenarios" finished-at="2025-02-09T20:05:33 EST" duration-ms="193" status="PASS">
          <params>
            <param index="0">
              <value>
                <![CDATA["Check if Admin is able to create a user with country as numeric"]]>
              </value>
            </param>
            <param index="1">
              <value>
                <![CDATA["Create User API"]]>
              </value>
            </param>
          </params>
          <reporter-output>
          </reporter-output>
        </test-method> <!-- runScenario -->
        <test-method signature="runScenario(io.cucumber.testng.PickleWrapper,io.cucumber.testng.FeatureWrapper)[pri:0, instance:testRunner.testRunner@8dbfffb]" started-at="2025-02-09T20:05:33 EST" name="runScenario" description="Runs Cucumber Scenarios" data-provider="scenarios" finished-at="2025-02-09T20:05:33 EST" duration-ms="189" status="PASS">
          <params>
            <param index="0">
              <value>
                <![CDATA["Check if Admin is able to create a user with country as empty"]]>
              </value>
            </param>
            <param index="1">
              <value>
                <![CDATA["Create User API"]]>
              </value>
            </param>
          </params>
          <reporter-output>
          </reporter-output>
        </test-method> <!-- runScenario -->
        <test-method signature="runScenario(io.cucumber.testng.PickleWrapper,io.cucumber.testng.FeatureWrapper)[pri:0, instance:testRunner.testRunner@8dbfffb]" started-at="2025-02-09T20:05:33 EST" name="runScenario" description="Runs Cucumber Scenarios" data-provider="scenarios" finished-at="2025-02-09T20:05:33 EST" duration-ms="214" status="PASS">
          <params>
            <param index="0">
              <value>
                <![CDATA["Check if Admin is able to create a user with zipcode as alphanumeric"]]>
              </value>
            </param>
            <param index="1">
              <value>
                <![CDATA["Create User API"]]>
              </value>
            </param>
          </params>
          <reporter-output>
          </reporter-output>
        </test-method> <!-- runScenario -->
        <test-method signature="runScenario(io.cucumber.testng.PickleWrapper,io.cucumber.testng.FeatureWrapper)[pri:0, instance:testRunner.testRunner@8dbfffb]" started-at="2025-02-09T20:05:33 EST" name="runScenario" description="Runs Cucumber Scenarios" data-provider="scenarios" finished-at="2025-02-09T20:05:34 EST" duration-ms="231" status="FAIL">
          <params>
            <param index="0">
              <value>
                <![CDATA["Check if Admin is able to create a user with zipcode as empty"]]>
              </value>
            </param>
            <param index="1">
              <value>
                <![CDATA["Create User API"]]>
              </value>
            </param>
          </params>
          <exception class="java.lang.AssertionError">
            <message>
              <![CDATA[Status code mismatch expected [400] but found [201]]]>
            </message>
            <full-stacktrace>
              <![CDATA[java.lang.AssertionError: Status code mismatch expected [400] but found [201]
at org.testng.Assert.fail(Assert.java:111)
at org.testng.Assert.failNotEquals(Assert.java:1578)
at org.testng.Assert.assertEqualsImpl(Assert.java:150)
at org.testng.Assert.assertEquals(Assert.java:132)
at org.testng.Assert.assertEquals(Assert.java:1419)
at org.testng.Assert.assertEquals(Assert.java:1383)
at utils.apiHelper.statusCodeValidation(apiHelper.java:192)
at stepDefinitions.createUserStepDefinition.admin_receives_status_with_error_message(createUserStepDefinition.java:264)
at ✽.Admin receives "400" "Bad Request" Status with error message(file:///Users/mathumathibalakrishnan/eclipse/Mathumathi_2024/2025_Team04_RestAssured_BDD/src/test/resources/features/02_createUser.feature:149)
]]>
            </full-stacktrace>
          </exception> <!-- java.lang.AssertionError -->
          <reporter-output>
          </reporter-output>
        </test-method> <!-- runScenario -->
        <test-method signature="runScenario(io.cucumber.testng.PickleWrapper,io.cucumber.testng.FeatureWrapper)[pri:0, instance:testRunner.testRunner@8dbfffb]" started-at="2025-02-09T20:05:34 EST" name="runScenario" description="Runs Cucumber Scenarios" data-provider="scenarios" finished-at="2025-02-09T20:05:34 EST" duration-ms="181" status="PASS">
          <params>
            <param index="0">
              <value>
                <![CDATA["Check if Admin is able to GET user by valid USER ID"]]>
              </value>
            </param>
            <param index="1">
              <value>
                <![CDATA["Get User By UserID API"]]>
              </value>
            </param>
          </params>
          <reporter-output>
          </reporter-output>
        </test-method> <!-- runScenario -->
        <test-method signature="runScenario(io.cucumber.testng.PickleWrapper,io.cucumber.testng.FeatureWrapper)[pri:0, instance:testRunner.testRunner@8dbfffb]" started-at="2025-02-09T20:05:34 EST" name="runScenario" description="Runs Cucumber Scenarios" data-provider="scenarios" finished-at="2025-02-09T20:05:34 EST" duration-ms="184" status="PASS">
          <params>
            <param index="0">
              <value>
                <![CDATA["Check if Admin is able to GET user by invalid USER ID"]]>
              </value>
            </param>
            <param index="1">
              <value>
                <![CDATA["Get User By UserID API"]]>
              </value>
            </param>
          </params>
          <reporter-output>
          </reporter-output>
        </test-method> <!-- runScenario -->
        <test-method signature="runScenario(io.cucumber.testng.PickleWrapper,io.cucumber.testng.FeatureWrapper)[pri:0, instance:testRunner.testRunner@8dbfffb]" started-at="2025-02-09T20:05:34 EST" name="runScenario" description="Runs Cucumber Scenarios" data-provider="scenarios" finished-at="2025-02-09T20:05:34 EST" duration-ms="193" status="PASS">
          <params>
            <param index="0">
              <value>
                <![CDATA["Check if Admin is able to GET user by user id with invalid request type"]]>
              </value>
            </param>
            <param index="1">
              <value>
                <![CDATA["Get User By UserID API"]]>
              </value>
            </param>
          </params>
          <reporter-output>
          </reporter-output>
        </test-method> <!-- runScenario -->
        <test-method signature="runScenario(io.cucumber.testng.PickleWrapper,io.cucumber.testng.FeatureWrapper)[pri:0, instance:testRunner.testRunner@8dbfffb]" started-at="2025-02-09T20:05:34 EST" name="runScenario" description="Runs Cucumber Scenarios" data-provider="scenarios" finished-at="2025-02-09T20:05:34 EST" duration-ms="191" status="PASS">
          <params>
            <param index="0">
              <value>
                <![CDATA["Check if Admin is able to GET user by USER ID with invaid Basic Auth"]]>
              </value>
            </param>
            <param index="1">
              <value>
                <![CDATA["Get User By UserID API"]]>
              </value>
            </param>
          </params>
          <reporter-output>
          </reporter-output>
        </test-method> <!-- runScenario -->
        <test-method signature="runScenario(io.cucumber.testng.PickleWrapper,io.cucumber.testng.FeatureWrapper)[pri:0, instance:testRunner.testRunner@8dbfffb]" started-at="2025-02-09T20:05:34 EST" name="runScenario" description="Runs Cucumber Scenarios" data-provider="scenarios" finished-at="2025-02-09T20:05:34 EST" duration-ms="90" status="PASS">
          <params>
            <param index="0">
              <value>
                <![CDATA["Check if Admin is able to GET user by USER ID with No Auth"]]>
              </value>
            </param>
            <param index="1">
              <value>
                <![CDATA["Get User By UserID API"]]>
              </value>
            </param>
          </params>
          <reporter-output>
          </reporter-output>
        </test-method> <!-- runScenario -->
        <test-method signature="runScenario(io.cucumber.testng.PickleWrapper,io.cucumber.testng.FeatureWrapper)[pri:0, instance:testRunner.testRunner@8dbfffb]" started-at="2025-02-09T20:05:34 EST" name="runScenario" description="Runs Cucumber Scenarios" data-provider="scenarios" finished-at="2025-02-09T20:05:35 EST" duration-ms="342" status="PASS">
          <params>
            <param index="0">
              <value>
                <![CDATA["Check if Admin is able to update a user with all valid credentials"]]>
              </value>
            </param>
            <param index="1">
              <value>
                <![CDATA["Update User API"]]>
              </value>
            </param>
          </params>
          <reporter-output>
          </reporter-output>
        </test-method> <!-- runScenario -->
        <test-method signature="runScenario(io.cucumber.testng.PickleWrapper,io.cucumber.testng.FeatureWrapper)[pri:0, instance:testRunner.testRunner@8dbfffb]" started-at="2025-02-09T20:05:35 EST" name="runScenario" description="Runs Cucumber Scenarios" data-provider="scenarios" finished-at="2025-02-09T20:05:35 EST" duration-ms="81" status="PASS">
          <params>
            <param index="0">
              <value>
                <![CDATA["Check if Admin is able to update a user with No Auth"]]>
              </value>
            </param>
            <param index="1">
              <value>
                <![CDATA["Update User API"]]>
              </value>
            </param>
          </params>
          <reporter-output>
          </reporter-output>
        </test-method> <!-- runScenario -->
        <test-method signature="runScenario(io.cucumber.testng.PickleWrapper,io.cucumber.testng.FeatureWrapper)[pri:0, instance:testRunner.testRunner@8dbfffb]" started-at="2025-02-09T20:05:35 EST" name="runScenario" description="Runs Cucumber Scenarios" data-provider="scenarios" finished-at="2025-02-09T20:05:35 EST" duration-ms="204" status="PASS">
          <params>
            <param index="0">
              <value>
                <![CDATA["Check if Admin is able to update a user with invalid basic auth"]]>
              </value>
            </param>
            <param index="1">
              <value>
                <![CDATA["Update User API"]]>
              </value>
            </param>
          </params>
          <reporter-output>
          </reporter-output>
        </test-method> <!-- runScenario -->
        <test-method signature="runScenario(io.cucumber.testng.PickleWrapper,io.cucumber.testng.FeatureWrapper)[pri:0, instance:testRunner.testRunner@8dbfffb]" started-at="2025-02-09T20:05:35 EST" name="runScenario" description="Runs Cucumber Scenarios" data-provider="scenarios" finished-at="2025-02-09T20:05:35 EST" duration-ms="200" status="PASS">
          <params>
            <param index="0">
              <value>
                <![CDATA["Check if Admin is able to GET user by valid USER FirstName"]]>
              </value>
            </param>
            <param index="1">
              <value>
                <![CDATA["Get User By UserFirstName API"]]>
              </value>
            </param>
          </params>
          <reporter-output>
          </reporter-output>
        </test-method> <!-- runScenario -->
        <test-method signature="runScenario(io.cucumber.testng.PickleWrapper,io.cucumber.testng.FeatureWrapper)[pri:0, instance:testRunner.testRunner@8dbfffb]" started-at="2025-02-09T20:05:35 EST" name="runScenario" description="Runs Cucumber Scenarios" data-provider="scenarios" finished-at="2025-02-09T20:05:36 EST" duration-ms="206" status="PASS">
          <params>
            <param index="0">
              <value>
                <![CDATA["Check if Admin is able to GET user by invalid USER FirstName"]]>
              </value>
            </param>
            <param index="1">
              <value>
                <![CDATA["Get User By UserFirstName API"]]>
              </value>
            </param>
          </params>
          <reporter-output>
          </reporter-output>
        </test-method> <!-- runScenario -->
        <test-method signature="runScenario(io.cucumber.testng.PickleWrapper,io.cucumber.testng.FeatureWrapper)[pri:0, instance:testRunner.testRunner@8dbfffb]" started-at="2025-02-09T20:05:36 EST" name="runScenario" description="Runs Cucumber Scenarios" data-provider="scenarios" finished-at="2025-02-09T20:05:36 EST" duration-ms="195" status="PASS">
          <params>
            <param index="0">
              <value>
                <![CDATA["Check if Admin is able to GET user by user FirstName with invalid request type"]]>
              </value>
            </param>
            <param index="1">
              <value>
                <![CDATA["Get User By UserFirstName API"]]>
              </value>
            </param>
          </params>
          <reporter-output>
          </reporter-output>
        </test-method> <!-- runScenario -->
        <test-method signature="runScenario(io.cucumber.testng.PickleWrapper,io.cucumber.testng.FeatureWrapper)[pri:0, instance:testRunner.testRunner@8dbfffb]" started-at="2025-02-09T20:05:36 EST" name="runScenario" description="Runs Cucumber Scenarios" data-provider="scenarios" finished-at="2025-02-09T20:05:36 EST" duration-ms="212" status="PASS">
          <params>
            <param index="0">
              <value>
                <![CDATA["Check if Admin is able to GET user by USER FirstName with invaid Basic Auth"]]>
              </value>
            </param>
            <param index="1">
              <value>
                <![CDATA["Get User By UserFirstName API"]]>
              </value>
            </param>
          </params>
          <reporter-output>
          </reporter-output>
        </test-method> <!-- runScenario -->
        <test-method signature="runScenario(io.cucumber.testng.PickleWrapper,io.cucumber.testng.FeatureWrapper)[pri:0, instance:testRunner.testRunner@8dbfffb]" started-at="2025-02-09T20:05:36 EST" name="runScenario" description="Runs Cucumber Scenarios" data-provider="scenarios" finished-at="2025-02-09T20:05:36 EST" duration-ms="107" status="PASS">
          <params>
            <param index="0">
              <value>
                <![CDATA["Check if Admin is able to GET user by USER FirstName with No Auth"]]>
              </value>
            </param>
            <param index="1">
              <value>
                <![CDATA["Get User By UserFirstName API"]]>
              </value>
            </param>
          </params>
          <reporter-output>
          </reporter-output>
        </test-method> <!-- runScenario -->
        <test-method signature="runScenario(io.cucumber.testng.PickleWrapper,io.cucumber.testng.FeatureWrapper)[pri:0, instance:testRunner.testRunner@8dbfffb]" started-at="2025-02-09T20:05:36 EST" name="runScenario" description="Runs Cucumber Scenarios" data-provider="scenarios" finished-at="2025-02-09T20:05:36 EST" duration-ms="195" status="PASS">
          <params>
            <param index="0">
              <value>
                <![CDATA["Check if Admin is able to DELETE user by valid USER ID"]]>
              </value>
            </param>
            <param index="1">
              <value>
                <![CDATA["Delete User By UserID API"]]>
              </value>
            </param>
          </params>
          <reporter-output>
          </reporter-output>
        </test-method> <!-- runScenario -->
        <test-method signature="runScenario(io.cucumber.testng.PickleWrapper,io.cucumber.testng.FeatureWrapper)[pri:0, instance:testRunner.testRunner@8dbfffb]" started-at="2025-02-09T20:05:36 EST" name="runScenario" description="Runs Cucumber Scenarios" data-provider="scenarios" finished-at="2025-02-09T20:05:36 EST" duration-ms="198" status="PASS">
          <params>
            <param index="0">
              <value>
                <![CDATA["Check if Admin is able to DELETE user by already deleted USER ID"]]>
              </value>
            </param>
            <param index="1">
              <value>
                <![CDATA["Delete User By UserID API"]]>
              </value>
            </param>
          </params>
          <reporter-output>
          </reporter-output>
        </test-method> <!-- runScenario -->
        <test-method signature="runScenario(io.cucumber.testng.PickleWrapper,io.cucumber.testng.FeatureWrapper)[pri:0, instance:testRunner.testRunner@8dbfffb]" started-at="2025-02-09T20:05:36 EST" name="runScenario" description="Runs Cucumber Scenarios" data-provider="scenarios" finished-at="2025-02-09T20:05:37 EST" duration-ms="195" status="PASS">
          <params>
            <param index="0">
              <value>
                <![CDATA["Check if Admin is able to DELETE user by invalid USER ID"]]>
              </value>
            </param>
            <param index="1">
              <value>
                <![CDATA["Delete User By UserID API"]]>
              </value>
            </param>
          </params>
          <reporter-output>
          </reporter-output>
        </test-method> <!-- runScenario -->
        <test-method signature="runScenario(io.cucumber.testng.PickleWrapper,io.cucumber.testng.FeatureWrapper)[pri:0, instance:testRunner.testRunner@8dbfffb]" started-at="2025-02-09T20:05:37 EST" name="runScenario" description="Runs Cucumber Scenarios" data-provider="scenarios" finished-at="2025-02-09T20:05:37 EST" duration-ms="212" status="PASS">
          <params>
            <param index="0">
              <value>
                <![CDATA["Check if Admin is able to DELETE user by user id with invalid request type"]]>
              </value>
            </param>
            <param index="1">
              <value>
                <![CDATA["Delete User By UserID API"]]>
              </value>
            </param>
          </params>
          <reporter-output>
          </reporter-output>
        </test-method> <!-- runScenario -->
        <test-method signature="runScenario(io.cucumber.testng.PickleWrapper,io.cucumber.testng.FeatureWrapper)[pri:0, instance:testRunner.testRunner@8dbfffb]" started-at="2025-02-09T20:05:37 EST" name="runScenario" description="Runs Cucumber Scenarios" data-provider="scenarios" finished-at="2025-02-09T20:05:37 EST" duration-ms="195" status="PASS">
          <params>
            <param index="0">
              <value>
                <![CDATA["Check if Admin is able to DELETE user by USER ID with invaid Basic Auth"]]>
              </value>
            </param>
            <param index="1">
              <value>
                <![CDATA["Delete User By UserID API"]]>
              </value>
            </param>
          </params>
          <reporter-output>
          </reporter-output>
        </test-method> <!-- runScenario -->
        <test-method signature="runScenario(io.cucumber.testng.PickleWrapper,io.cucumber.testng.FeatureWrapper)[pri:0, instance:testRunner.testRunner@8dbfffb]" started-at="2025-02-09T20:05:37 EST" name="runScenario" description="Runs Cucumber Scenarios" data-provider="scenarios" finished-at="2025-02-09T20:05:37 EST" duration-ms="124" status="PASS">
          <params>
            <param index="0">
              <value>
                <![CDATA["Check if Admin is able to DELETE user by USER ID with No Auth"]]>
              </value>
            </param>
            <param index="1">
              <value>
                <![CDATA["Delete User By UserID API"]]>
              </value>
            </param>
          </params>
          <reporter-output>
          </reporter-output>
        </test-method> <!-- runScenario -->
        <test-method is-config="true" signature="tearDownClass()[pri:0, instance:testRunner.testRunner@8dbfffb]" started-at="2025-02-09T20:05:37 EST" name="tearDownClass" finished-at="2025-02-09T20:05:37 EST" duration-ms="122" status="PASS">
          <reporter-output>
          </reporter-output>
        </test-method> <!-- tearDownClass -->
      </class> <!-- testRunner.testRunner -->
    </test> <!-- Default test -->
  </suite> <!-- Default suite -->
</testng-results>
