<?xml version="1.0" encoding="UTF-8"?>
<testng-results ignored="0" total="4" passed="4" failed="0" skipped="0">
  <reporter-output>
  </reporter-output>
  <suite started-at="2025-02-08T18:25:30 EST" name="Default suite" finished-at="2025-02-08T18:25:33 EST" duration-ms="2536">
    <groups>
      <group name="cucumber">
        <method signature="AbstractTestNGCucumberTests.runScenario(io.cucumber.testng.PickleWrapper,io.cucumber.testng.FeatureWrapper)[pri:0, instance:testRunner.testRunner@8dbfffb]" name="runScenario" class="io.cucumber.testng.AbstractTestNGCucumberTests"/>
      </group> <!-- cucumber -->
    </groups>
    <test started-at="2025-02-08T18:25:30 EST" name="Default test" finished-at="2025-02-08T18:25:33 EST" duration-ms="2536">
      <class name="testRunner.testRunner">
        <test-method is-config="true" signature="setUpClass(org.testng.ITestContext)[pri:0, instance:testRunner.testRunner@8dbfffb]" started-at="2025-02-08T18:25:30 EST" name="setUpClass" finished-at="2025-02-08T18:25:31 EST" duration-ms="390" status="PASS">
          <params>
            <param index="0">
              <value>
                <![CDATA[org.testng.TestRunner@509e4902]]>
              </value>
            </param>
          </params>
          <reporter-output>
          </reporter-output>
        </test-method> <!-- setUpClass -->
        <test-method signature="runScenario(io.cucumber.testng.PickleWrapper,io.cucumber.testng.FeatureWrapper)[pri:0, instance:testRunner.testRunner@8dbfffb]" started-at="2025-02-08T18:25:31 EST" name="runScenario" description="Runs Cucumber Scenarios" data-provider="scenarios" finished-at="2025-02-08T18:25:32 EST" duration-ms="1559" status="PASS">
          <params>
            <param index="0">
              <value>
                <![CDATA["Check if Admin is able to create a user with all valid credentials"]]>
              </value>
            </param>
            <param index="1">
              <value>
                <![CDATA["Create User API"]]>
              </value>
            </param>
          </params>
          <reporter-output>
          </reporter-output>
        </test-method> <!-- runScenario -->
        <test-method signature="runScenario(io.cucumber.testng.PickleWrapper,io.cucumber.testng.FeatureWrapper)[pri:0, instance:testRunner.testRunner@8dbfffb]" started-at="2025-02-08T18:25:32 EST" name="runScenario" description="Runs Cucumber Scenarios" data-provider="scenarios" finished-at="2025-02-08T18:25:32 EST" duration-ms="110" status="PASS">
          <params>
            <param index="0">
              <value>
                <![CDATA["Check if Admin is able to update a user with No Auth"]]>
              </value>
            </param>
            <param index="1">
              <value>
                <![CDATA["Update User API"]]>
              </value>
            </param>
          </params>
          <reporter-output>
          </reporter-output>
        </test-method> <!-- runScenario -->
        <test-method signature="runScenario(io.cucumber.testng.PickleWrapper,io.cucumber.testng.FeatureWrapper)[pri:0, instance:testRunner.testRunner@8dbfffb]" started-at="2025-02-08T18:25:32 EST" name="runScenario" description="Runs Cucumber Scenarios" data-provider="scenarios" finished-at="2025-02-08T18:25:33 EST" duration-ms="177" status="PASS">
          <params>
            <param index="0">
              <value>
                <![CDATA["Check if Admin is able to update a user with invalid basic auth"]]>
              </value>
            </param>
            <param index="1">
              <value>
                <![CDATA["Update User API"]]>
              </value>
            </param>
          </params>
          <reporter-output>
          </reporter-output>
        </test-method> <!-- runScenario -->
        <test-method signature="runScenario(io.cucumber.testng.PickleWrapper,io.cucumber.testng.FeatureWrapper)[pri:0, instance:testRunner.testRunner@8dbfffb]" started-at="2025-02-08T18:25:33 EST" name="runScenario" description="Runs Cucumber Scenarios" data-provider="scenarios" finished-at="2025-02-08T18:25:33 EST" duration-ms="189" status="PASS">
          <params>
            <param index="0">
              <value>
                <![CDATA["Check if Admin is able to DELETE user by valid USER ID"]]>
              </value>
            </param>
            <param index="1">
              <value>
                <![CDATA["Delete User By UserID API"]]>
              </value>
            </param>
          </params>
          <reporter-output>
          </reporter-output>
        </test-method> <!-- runScenario -->
        <test-method is-config="true" signature="tearDownClass()[pri:0, instance:testRunner.testRunner@8dbfffb]" started-at="2025-02-08T18:25:33 EST" name="tearDownClass" finished-at="2025-02-08T18:25:33 EST" duration-ms="65" status="PASS">
          <reporter-output>
          </reporter-output>
        </test-method> <!-- tearDownClass -->
      </class> <!-- testRunner.testRunner -->
    </test> <!-- Default test -->
  </suite> <!-- Default suite -->
</testng-results>
